\BOOKMARK [1][-]{section.1}{\376\377\000V\000o\000r\000b\000e\000r\000e\000i\000t\000u\000n\000g\000s\000a\000u\000f\000g\000a\000b\000e\000n}{}% 1
\BOOKMARK [2][-]{subsection.1.1}{\376\377\000K\000e\000n\000n\000g\000r\000\366\000\337\000e\000n\000\040\000d\000e\000s\000\040\000O\000p\000e\000r\000a\000t\000i\000o\000n\000s\000v\000e\000r\000s\000t\000\344\000r\000k\000e\000r\000s}{section.1}% 2
\BOOKMARK [3][-]{subsubsection.1.1.1}{\376\377\000S\000p\000a\000n\000n\000u\000n\000g\000s\000g\000r\000e\000n\000z\000e}{subsection.1.1}% 3
\BOOKMARK [3][-]{subsubsection.1.1.2}{\376\377\000L\000e\000e\000r\000l\000a\000u\000f\000v\000e\000r\000s\000t\000\344\000r\000k\000u\000n\000g}{subsection.1.1}% 4
\BOOKMARK [3][-]{subsubsection.1.1.3}{\376\377\000G}{subsection.1.1}% 5
\BOOKMARK [2][-]{subsection.1.2}{\376\377\000R\000\374\000c\000k\000k\000o\000p\000p\000l\000u\000n\000g}{section.1}% 6
\BOOKMARK [2][-]{subsection.1.3}{\376\377\000I\000n\000v\000e\000r\000t\000i\000e\000r\000e\000n\000d\000e\000r\000\040\000O\000p\000e\000r\000a\000t\000i\000o\000n\000s\000v\000e\000r\000s\000t\000\344\000r\000k\000e\000r}{section.1}% 7
\BOOKMARK [2][-]{subsection.1.4}{\376\377\000B\000e\000i\000s\000p\000i\000e\000l\000h\000a\000f\000t\000e\000\040\000\334\000b\000e\000r\000t\000r\000a\000g\000u\000n\000g\000s\000k\000e\000n\000n\000l\000i\000n\000i\000e}{section.1}% 8
\BOOKMARK [2][-]{subsection.1.5}{\376\377\000N\000i\000c\000h\000t\000i\000n\000v\000e\000r\000t\000i\000e\000r\000e\000n\000d\000e\000r\000\040\000O\000p\000e\000r\000a\000t\000i\000o\000n\000s\000v\000e\000r\000s\000t\000\344\000r\000k\000e\000r}{section.1}% 9
\BOOKMARK [2][-]{subsection.1.6}{\376\377\000B\000e\000i\000s\000p\000i\000e\000l\000h\000a\000f\000t\000e\000\040\000\334\000b\000e\000r\000t\000r\000a\000g\000u\000n\000g\000s\000k\000e\000n\000n\000l\000i\000n\000i\000e}{section.1}% 10
\BOOKMARK [2][-]{subsection.1.7}{\376\377\000E\000i\000n\000g\000a\000n\000g\000s\000w\000i\000d\000e\000r\000s\000t\000a\000n\000d\000\040\000d\000e\000s\000\040\000i\000n\000v\000e\000r\000t\000i\000e\000r\000e\000n\000d\000e\000n\000\040\000V\000e\000r\000s\000t\000\344\000r\000k\000e\000r\000s}{section.1}% 11
\BOOKMARK [2][-]{subsection.1.8}{\376\377\000E\000i\000n\000g\000a\000n\000g\000s\000w\000i\000d\000e\000r\000s\000t\000a\000n\000d\000\040\000d\000e\000s\000\040\000n\000i\000c\000h\000t\000i\000n\000v\000e\000r\000t\000i\000e\000r\000e\000n\000d\000e\000n\000\040\000V\000e\000r\000s\000t\000\344\000r\000k\000e\000r\000s}{section.1}% 12
\BOOKMARK [2][-]{subsection.1.9}{\376\377\000W\000e\000i\000t\000e\000r\000e\000\040\000G\000r\000u\000n\000d\000s\000c\000h\000a\000l\000t\000u\000n\000g\000e\000n}{section.1}% 13
\BOOKMARK [3][-]{subsubsection.1.9.1}{\376\377\000D\000i\000f\000f\000e\000r\000e\000n\000z\000v\000e\000r\000s\000t\000\344\000r\000k\000e\000r}{subsection.1.9}% 14
\BOOKMARK [3][-]{subsubsection.1.9.2}{\376\377\000I\000n\000s\000t\000r\000u\000m\000e\000n\000t\000a\000t\000i\000o\000n\000s\000v\000e\000r\000s\000t\000\344\000r\000k\000e\000r}{subsection.1.9}% 15
\BOOKMARK [3][-]{subsubsection.1.9.3}{\376\377\000S\000u\000m\000m\000i\000e\000r\000e\000r}{subsection.1.9}% 16
\BOOKMARK [3][-]{subsubsection.1.9.4}{\376\377\000I\000n\000t\000e\000g\000r\000a\000t\000o\000r}{subsection.1.9}% 17
\BOOKMARK [3][-]{subsubsection.1.9.5}{\376\377\000D\000i\000f\000f\000e\000r\000e\000n\000t\000i\000a\000t\000o\000r}{subsection.1.9}% 18
\BOOKMARK [2][-]{subsection.1.10}{\376\377\000A\000k\000t\000i\000v\000e\000\040\000F\000i\000l\000t\000e\000r\000s\000c\000h\000a\000l\000t\000u\000n\000g\000e\000n}{section.1}% 19
\BOOKMARK [3][-]{subsubsection.1.10.1}{\376\377\000T\000i\000e\000f\000p\000a\000s\000s\000\040\0001\000.\000\040\000O\000r\000d\000n\000u\000n\000g}{subsection.1.10}% 20
\BOOKMARK [3][-]{subsubsection.1.10.2}{\376\377\000H\000o\000c\000h\000p\000a\000s\000s\000\040\0001\000.\000\040\000O\000r\000d\000n\000u\000n\000g}{subsection.1.10}% 21
\BOOKMARK [3][-]{subsubsection.1.10.3}{\376\377\000B\000a\000n\000d\000p\000a\000s\000s\000\040\0001\000.\000\040\000O\000r\000d\000n\000u\000n\000g}{subsection.1.10}% 22
\BOOKMARK [3][-]{subsubsection.1.10.4}{\376\377\000B\000a\000n\000d\000p\000a\000s\000s\000\040\0002\000.\000\040\000O\000r\000d\000n\000u\000n\000g}{subsection.1.10}% 23
\BOOKMARK [2][-]{subsection.1.11}{\376\377\000K\000o\000m\000p\000a\000r\000a\000t\000o\000r}{section.1}% 24
\BOOKMARK [2][-]{subsection.1.12}{\376\377\000K\000o\000m\000p\000a\000r\000a\000t\000o\000r}{section.1}% 25
