This is LuaTeX, Version 1.10.0 (TeX Live 2019/Arch Linux)  (format=lualatex 2020.5.2)  10 JUN 2020 22:00
 restricted system commands enabled.
 file:line:error style messages enabled.
**Aufgabe2.tex
(./Aufgabe2.tex
LaTeX2e <2019-10-01> patch level 1
Lua module: luaotfload-main 2019-09-13 3.00 luaotfload entry point
Lua module: luaotfload-init 2019-09-13 3.00 luaotfload submodule / initializatio
n
Lua module: lualibs 2019-08-11 2.67 ConTeXt Lua standard libraries.
Lua module: lualibs-extended 2019-08-11 2.67 ConTeXt Lua libraries -- extended c
ollection.
Lua module: luaotfload-log 2019-09-13 3.00 luaotfload submodule / logging
Lua module: luaotfload-parsers 2019-09-13 3.00 luaotfload submodule / filelist
Lua module: luaotfload-configuration 2019-09-13 3.00 luaotfload submodule / conf
ig file reader
luaotfload | conf : Root cache directory is /home/zamza/.texlive/texmf-var/luate
x-cache/generic/names.
luaotfload | init : Loading fontloader “fontloader-2019-08-11.lua” from kpse
-resolved path “/usr/share/texmf-dist/tex/luatex/luaotfload/fontloader-2019-08
-11.lua”.
Lua-only attribute luaotfload@state = 2
Lua-only attribute luaotfload@noligature = 3
Lua-only attribute luaotfload@syllabe = 4
luaotfload | init : Context OpenType loader version “3.109”
Inserting `luaotfload.node_processor' at position 1 in `pre_linebreak_filter'.
Inserting `luaotfload.node_processor' at position 1 in `hpack_filter'.
Lua module: luaotfload-loaders 2019-09-13 3.00 luaotfload submodule / callback h
andling
Inserting `luaotfload.define_font' at position 1 in `define_font'.
Lua module: luaotfload-database 2019-09-13 3.00 luaotfload submodule / database
Lua module: luaotfload-unicode 2019-09-13 3.00 luaotfload submodule / Unicode he
lpers
Lua module: luaotfload-colors 2019-09-13 3.00 luaotfload submodule / color
Lua-only attribute luaotfload_color_attribute = 5
Lua module: luaotfload-resolvers 2019-09-13 3.00 luaotfload submodule / resolver
s
luaotfload | conf : Root cache directory is /home/zamza/.texlive/texmf-var/luate
x-cache/generic/names.
Lua module: luaotfload-features 2019-09-13 3.00 luaotfload submodule / features
Lua module: luaotfload-letterspace 2019-09-13 3.00 luaotfload submodule / color
Lua module: luaotfload-embolden 2019-09-13 3.00 luaotfload submodule / color
Lua module: luaotfload-notdef 2019-09-13 3.00 luaotfload submodule / color
Lua module: luaotfload-auxiliary 2019-09-13 3.00 luaotfload submodule / auxiliar
y functions
Inserting `luaotfload.aux.set_sscale_dimens' at position 1 in `luaotfload.patch_
font'.
Inserting `luaotfload.aux.patch_cambria_domh' at position 2 in `luaotfload.patch
_font'.
Inserting `luaotfload.aux.fixup_fontdata' at position 1 in `luaotfload.patch_fon
t_unsafe'.
Inserting `luaotfload.aux.set_capheight' at position 3 in `luaotfload.patch_font
'.
Inserting `luaotfload.aux.set_xheight' at position 4 in `luaotfload.patch_font'.
Lua module: luaotfload-multiscript 2019-09-13 3.00 luaotfload submodule / multis
cript
Inserting `luaotfload.rewrite_fontname' at position 5 in `luaotfload.patch_font'
.
luaotfload | main : initialization completed in 0.081 seconds

./Aufgabe2.tex:1: LaTeX Error: Missing \begin{document}.

See the LaTeX manual or LaTeX Companion for explanation.
Type  H <return>  for immediate help.
 ...                                              
                                                  
l.1 \begin{frame}{Aufgabe 2: Basisband}
                                     
You're in trouble here.  Try typing  <return>  to proceed.
If that doesn't work, type  X <return>  to quit.

./Aufgabe2.tex:2: Undefined control sequence.
l.2   \includegraphics
                    [width=\textwidth]{screenshots/Aufgabe2/Zeitsignal_File1}
The control sequence at the end of the top line
of your error message was never \def'ed. If you have
misspelled it (e.g., `\hobx'), type `I' and the correct
spelling (e.g., `I\hbox'). Otherwise just continue,
and I'll forget about whatever was undefined.

./Aufgabe2.tex:2: Missing number, treated as zero.
<to be read again> 
]
l.2   \includegraphics[width=\textwidth]
                                      {screenshots/Aufgabe2/Zeitsignal_File1}
A number should have been here; I inserted `0'.
(If you can't figure out why I needed to see a number,
look up `weird error' in the index to The TeXbook.)

./Aufgabe2.tex:2: Illegal unit of measure (pt inserted).
<to be read again> 
]
l.2   \includegraphics[width=\textwidth]
                                      {screenshots/Aufgabe2/Zeitsignal_File1}
Dimensions can be in units of em, ex, in, pt, pc,
cm, mm, dd, cc, nd, nc, bp, or sp; but yours is a new one!
I'll assume that you meant to say pt, for printer's points.
To recover gracefully from this error, it's best to
delete the erroneous units; e.g., type `2' to delete
two letters. (See Chapter 27 of The TeXbook.)

./Aufgabe2.tex:2: Missing $ inserted.
<inserted text> 
$
l.2 ...=\textwidth]{screenshots/Aufgabe2/Zeitsignal_
                                                  File1}
I've inserted a begin-math/end-math symbol since I think
you left one out. Proceed, with fingers crossed.

LaTeX Font Info:    External font `cmex10' loaded for size
(Font)              <7> on input line 2.
LaTeX Font Info:    External font `cmex10' loaded for size
(Font)              <5> on input line 2.
./Aufgabe2.tex:2: Extra }, or forgotten $.
l.2 ...width]{screenshots/Aufgabe2/Zeitsignal_File1}
                                                  
I've deleted a group-closing symbol because it seems to be
spurious, as in `$x}$'. But perhaps the } is legitimate and
you forgot something else, as in `\hbox{$x}'. In such cases
the way to recover is to insert both the forgotten and the
deleted material, e.g., by typing `I$}'.

./Aufgabe2.tex:3: Missing $ inserted.
<inserted text> 
$
l.3 \end{frame}
             
I've inserted something that you may have forgotten.
(See the <inserted text> above.)
With luck, this will get me unwedged. But if you
really didn't forget anything, try typing `2' now; then
my insertion and my current dilemma will both disappear.

./Aufgabe2.tex:3: Missing } inserted.
<inserted text> 
}
l.3 \end{frame}
             
I've inserted something that you may have forgotten.
(See the <inserted text> above.)
With luck, this will get me unwedged. But if you
really didn't forget anything, try typing `2' now; then
my insertion and my current dilemma will both disappear.


Overfull \hbox (20.0pt too wide) in paragraph at lines 1--4
[][]
 []


Overfull \hbox (22.92993pt too wide) in paragraph at lines 1--4
[width=]screenshots/Aufgabe2/Zeitsignal$[][]\OML/cmm/m/it/10 ile\OT1/cmr/m/n/10
 1$ 
 []


./Aufgabe2.tex:5: LaTeX Error: Missing \begin{document}.

See the LaTeX manual or LaTeX Companion for explanation.
Type  H <return>  for immediate help.
 ...                                              
                                                  
l.5 \begin{frame}{Aufgabe 2: Basisband}
                                     
You're in trouble here.  Try typing  <return>  to proceed.
If that doesn't work, type  X <return>  to quit.


Overfull \hbox (20.0pt too wide) in paragraph at lines 5--6
[][] 
 []

./Aufgabe2.tex:7: Undefined control sequence.
l.7   \includegraphics
                    [height=0.4\textheight]{screenshots/Aufgabe2/Spektrum_Fi...
The control sequence at the end of the top line
of your error message was never \def'ed. If you have
misspelled it (e.g., `\hobx'), type `I' and the correct
spelling (e.g., `I\hbox'). Otherwise just continue,
and I'll forget about whatever was undefined.

./Aufgabe2.tex:7: Missing number, treated as zero.
<to be read again> 
]
l.7   \includegraphics[height=0.4\textheight]
                                           {screenshots/Aufgabe2/Spektrum_Fi...
A number should have been here; I inserted `0'.
(If you can't figure out why I needed to see a number,
look up `weird error' in the index to The TeXbook.)

./Aufgabe2.tex:7: Illegal unit of measure (pt inserted).
<to be read again> 
]
l.7   \includegraphics[height=0.4\textheight]
                                           {screenshots/Aufgabe2/Spektrum_Fi...
Dimensions can be in units of em, ex, in, pt, pc,
cm, mm, dd, cc, nd, nc, bp, or sp; but yours is a new one!
I'll assume that you meant to say pt, for printer's points.
To recover gracefully from this error, it's best to
delete the erroneous units; e.g., type `2' to delete
two letters. (See Chapter 27 of The TeXbook.)

./Aufgabe2.tex:7: Missing $ inserted.
<inserted text> 
$
l.7 ....4\textheight]{screenshots/Aufgabe2/Spektrum_
                                                  File1}\\
I've inserted a begin-math/end-math symbol since I think
you left one out. Proceed, with fingers crossed.

./Aufgabe2.tex:7: Extra }, or forgotten $.
l.7 ...theight]{screenshots/Aufgabe2/Spektrum_File1}
                                                  \\
I've deleted a group-closing symbol because it seems to be
spurious, as in `$x}$'. But perhaps the } is legitimate and
you forgot something else, as in `\hbox{$x}'. In such cases
the way to recover is to insert both the forgotten and the
deleted material, e.g., by typing `I$}'.


./Aufgabe2.tex:7: LaTeX Error: There's no line here to end.

See the LaTeX manual or LaTeX Companion for explanation.
Type  H <return>  for immediate help.
 ...                                              
                                                  
l.7 ...eight]{screenshots/Aufgabe2/Spektrum_File1}\\
                                                  
Your command was ignored.
Type  I <command> <return>  to replace it with another command,
or  <return>  to continue without it.

./Aufgabe2.tex:7: Missing $ inserted.
<inserted text> 
$
l.7 ...eight]{screenshots/Aufgabe2/Spektrum_File1}\\
                                                  
I've inserted a begin-math/end-math symbol since I think
you left one out. Proceed, with fingers crossed.

./Aufgabe2.tex:7: Missing } inserted.
<inserted text> 
}
l.7 ...eight]{screenshots/Aufgabe2/Spektrum_File1}\\
                                                  
I've inserted something that you may have forgotten.
(See the <inserted text> above.)
With luck, this will get me unwedged. But if you
really didn't forget anything, try typing `2' now; then
my insertion and my current dilemma will both disappear.


Overfull \hbox (22.92993pt too wide) in paragraph at lines 7--7
 [height=0.4]screenshots/Aufgabe2/Spektrum$[][]\OML/cmm/m/it/10 ile\OT1/cmr/m/n
/10 1[]$ 
 []

./Aufgabe2.tex:8: Undefined control sequence.
<recently read> \includegraphics 
                 
l.8   \includegraphics
                    [height=0.4\textheight]{screenshots/Aufgabe2/Spektrum_Fi...
The control sequence at the end of the top line
of your error message was never \def'ed. If you have
misspelled it (e.g., `\hobx'), type `I' and the correct
spelling (e.g., `I\hbox'). Otherwise just continue,
and I'll forget about whatever was undefined.

./Aufgabe2.tex:8: Missing number, treated as zero.
<to be read again> 
]
l.8   \includegraphics[height=0.4\textheight]
                                           {screenshots/Aufgabe2/Spektrum_Fi...
A number should have been here; I inserted `0'.
(If you can't figure out why I needed to see a number,
look up `weird error' in the index to The TeXbook.)

./Aufgabe2.tex:8: Illegal unit of measure (pt inserted).
<to be read again> 
]
l.8   \includegraphics[height=0.4\textheight]
                                           {screenshots/Aufgabe2/Spektrum_Fi...
Dimensions can be in units of em, ex, in, pt, pc,
cm, mm, dd, cc, nd, nc, bp, or sp; but yours is a new one!
I'll assume that you meant to say pt, for printer's points.
To recover gracefully from this error, it's best to
delete the erroneous units; e.g., type `2' to delete
two letters. (See Chapter 27 of The TeXbook.)

./Aufgabe2.tex:8: Missing $ inserted.
<inserted text> 
$
l.8 ....4\textheight]{screenshots/Aufgabe2/Spektrum_
                                                  File2}
I've inserted a begin-math/end-math symbol since I think
you left one out. Proceed, with fingers crossed.

./Aufgabe2.tex:8: Extra }, or forgotten $.
l.8 ...theight]{screenshots/Aufgabe2/Spektrum_File2}
                                                  
I've deleted a group-closing symbol because it seems to be
spurious, as in `$x}$'. But perhaps the } is legitimate and
you forgot something else, as in `\hbox{$x}'. In such cases
the way to recover is to insert both the forgotten and the
deleted material, e.g., by typing `I$}'.


./Aufgabe2.tex:9: LaTeX Error: Command \end{center} invalid in math mode.

See the LaTeX manual or LaTeX Companion for explanation.
Type  H <return>  for immediate help.
 ...                                              
                                                  
l.9   \end{center}
                
Try typing  <return>  to proceed.
If that doesn't work, type  X <return>  to quit.


./Aufgabe2.tex:9: LaTeX Error: Something's wrong--perhaps a missing \item.

See the LaTeX manual or LaTeX Companion for explanation.
Type  H <return>  for immediate help.
 ...                                              
                                                  
l.9   \end{center}
                
Try typing  <return>  to proceed.
If that doesn't work, type  X <return>  to quit.


./Aufgabe2.tex:9: LaTeX Error: Something's wrong--perhaps a missing \item.

See the LaTeX manual or LaTeX Companion for explanation.
Type  H <return>  for immediate help.
 ...                                              
                                                  
l.9   \end{center}
                
Try typing  <return>  to proceed.
If that doesn't work, type  X <return>  to quit.

./Aufgabe2.tex:9: Missing $ inserted.
<inserted text> 
$
l.9   \end{center}
                
I've inserted something that you may have forgotten.
(See the <inserted text> above.)
With luck, this will get me unwedged. But if you
really didn't forget anything, try typing `2' now; then
my insertion and my current dilemma will both disappear.

./Aufgabe2.tex:9: Missing } inserted.
<inserted text> 
}
l.9   \end{center}
                
I've inserted something that you may have forgotten.
(See the <inserted text> above.)
With luck, this will get me unwedged. But if you
really didn't forget anything, try typing `2' now; then
my insertion and my current dilemma will both disappear.


Overfull \hbox (22.92993pt too wide) in paragraph at lines 8--11
[][height=0.4]screenshots/Aufgabe2/Spektrum$[][]\OML/cmm/m/it/10 ile\OT1/cmr/m/
n/10 2$
 []


./Aufgabe2.tex:13: LaTeX Error: Environment table undefined.

See the LaTeX manual or LaTeX Companion for explanation.
Type  H <return>  for immediate help.
 ...                                              
                                                  
l.13   \begin{table}
                  [H]
Your command was ignored.
Type  I <command> <return>  to replace it with another command,
or  <return>  to continue without it.

./Aufgabe2.tex:15: Undefined control sequence.
<argument>  >{\columncolor 
                {gray0}}l ll
l.15       >{\columncolor{gray0}}l ll}
                                    
The control sequence at the end of the top line
of your error message was never \def'ed. If you have
misspelled it (e.g., `\hobx'), type `I' and the correct
spelling (e.g., `I\hbox'). Otherwise just continue,
and I'll forget about whatever was undefined.


./Aufgabe2.tex:15: LaTeX Error: Illegal character in array arg.

See the LaTeX manual or LaTeX Companion for explanation.
Type  H <return>  for immediate help.
 ...                                              
                                                  
l.15       >{\columncolor{gray0}}l ll}
                                    
You're in trouble here.  Try typing  <return>  to proceed.
If that doesn't work, type  X <return>  to quit.


./Aufgabe2.tex:15: LaTeX Error: Illegal character in array arg.

See the LaTeX manual or LaTeX Companion for explanation.
Type  H <return>  for immediate help.
 ...                                              
                                                  
l.15       >{\columncolor{gray0}}l ll}
                                    
You're in trouble here.  Try typing  <return>  to proceed.
If that doesn't work, type  X <return>  to quit.

./Aufgabe2.tex:16: Undefined control sequence.
l.16       Signal & \cellcolor
                            {gray0}Datenrate (BR) & \cellcolor{gray0}Bandbre...
The control sequence at the end of the top line
of your error message was never \def'ed. If you have
misspelled it (e.g., `\hobx'), type `I' and the correct
spelling (e.g., `I\hbox'). Otherwise just continue,
and I'll forget about whatever was undefined.

./Aufgabe2.tex:16: Undefined control sequence.
l.16 ...\cellcolor{gray0}Datenrate (BR) & \cellcolor
                                                  {gray0}Bandbreite ($6 \, \...
The control sequence at the end of the top line
of your error message was never \def'ed. If you have
misspelled it (e.g., `\hobx'), type `I' and the correct
spelling (e.g., `I\hbox'). Otherwise just continue,
and I'll forget about whatever was undefined.

./Aufgabe2.tex:16: Undefined control sequence.
l.16 ...BR) & \cellcolor{gray0}Bandbreite ($6 \, \si
                                                  {\deci\bel}$ (B)) \\
The control sequence at the end of the top line
of your error message was never \def'ed. If you have
misspelled it (e.g., `\hobx'), type `I' and the correct
spelling (e.g., `I\hbox'). Otherwise just continue,
and I'll forget about whatever was undefined.

./Aufgabe2.tex:16: Undefined control sequence.
l.16 ...\cellcolor{gray0}Bandbreite ($6 \, \si{\deci
                                                  \bel}$ (B)) \\
The control sequence at the end of the top line
of your error message was never \def'ed. If you have
misspelled it (e.g., `\hobx'), type `I' and the correct
spelling (e.g., `I\hbox'). Otherwise just continue,
and I'll forget about whatever was undefined.

./Aufgabe2.tex:16: Undefined control sequence.
l.16 ...lcolor{gray0}Bandbreite ($6 \, \si{\deci\bel
                                                  }$ (B)) \\
The control sequence at the end of the top line
of your error message was never \def'ed. If you have
misspelled it (e.g., `\hobx'), type `I' and the correct
spelling (e.g., `I\hbox'). Otherwise just continue,
and I'll forget about whatever was undefined.

./Aufgabe2.tex:18: Undefined control sequence.
l.18       $File 1$ &  $2.001 \, \si
                                  {\kilo\bit\per\second}$                   ...
The control sequence at the end of the top line
of your error message was never \def'ed. If you have
misspelled it (e.g., `\hobx'), type `I' and the correct
spelling (e.g., `I\hbox'). Otherwise just continue,
and I'll forget about whatever was undefined.

./Aufgabe2.tex:18: Undefined control sequence.
l.18       $File 1$ &  $2.001 \, \si{\kilo
                                        \bit\per\second}$                   ...
The control sequence at the end of the top line
of your error message was never \def'ed. If you have
misspelled it (e.g., `\hobx'), type `I' and the correct
spelling (e.g., `I\hbox'). Otherwise just continue,
and I'll forget about whatever was undefined.

./Aufgabe2.tex:18: Undefined control sequence.
l.18       $File 1$ &  $2.001 \, \si{\kilo\bit
                                            \per\second}$                   ...
The control sequence at the end of the top line
of your error message was never \def'ed. If you have
misspelled it (e.g., `\hobx'), type `I' and the correct
spelling (e.g., `I\hbox'). Otherwise just continue,
and I'll forget about whatever was undefined.

./Aufgabe2.tex:18: Undefined control sequence.
l.18       $File 1$ &  $2.001 \, \si{\kilo\bit\per
                                                \second}$                   ...
The control sequence at the end of the top line
of your error message was never \def'ed. If you have
misspelled it (e.g., `\hobx'), type `I' and the correct
spelling (e.g., `I\hbox'). Otherwise just continue,
and I'll forget about whatever was undefined.

./Aufgabe2.tex:18: Undefined control sequence.
l.18 ...ile 1$ &  $2.001 \, \si{\kilo\bit\per\second
                                                  }$                        ...
The control sequence at the end of the top line
of your error message was never \def'ed. If you have
misspelled it (e.g., `\hobx'), type `I' and the correct
spelling (e.g., `I\hbox'). Otherwise just continue,
and I'll forget about whatever was undefined.

./Aufgabe2.tex:18: Undefined control sequence.
l.18 ...$                            & $1.092 \, \si
                                                  {\kilo\hertz}$            ...
The control sequence at the end of the top line
of your error message was never \def'ed. If you have
misspelled it (e.g., `\hobx'), type `I' and the correct
spelling (e.g., `I\hbox'). Otherwise just continue,
and I'll forget about whatever was undefined.

./Aufgabe2.tex:18: Undefined control sequence.
l.18 ...                       & $1.092 \, \si{\kilo
                                                  \hertz}$                  ...
The control sequence at the end of the top line
of your error message was never \def'ed. If you have
misspelled it (e.g., `\hobx'), type `I' and the correct
spelling (e.g., `I\hbox'). Otherwise just continue,
and I'll forget about whatever was undefined.

./Aufgabe2.tex:18: Undefined control sequence.
l.18 ...                 & $1.092 \, \si{\kilo\hertz
                                                  }$                        ...
The control sequence at the end of the top line
of your error message was never \def'ed. If you have
misspelled it (e.g., `\hobx'), type `I' and the correct
spelling (e.g., `I\hbox'). Otherwise just continue,
and I'll forget about whatever was undefined.

./Aufgabe2.tex:19: Undefined control sequence.
l.19       $File 2$    &  $5.006 \, \si
                                     {\kilo\bit\per\second}$                ...
The control sequence at the end of the top line
of your error message was never \def'ed. If you have
misspelled it (e.g., `\hobx'), type `I' and the correct
spelling (e.g., `I\hbox'). Otherwise just continue,
and I'll forget about whatever was undefined.

./Aufgabe2.tex:19: Undefined control sequence.
l.19       $File 2$    &  $5.006 \, \si{\kilo
                                           \bit\per\second}$                ...
The control sequence at the end of the top line
of your error message was never \def'ed. If you have
misspelled it (e.g., `\hobx'), type `I' and the correct
spelling (e.g., `I\hbox'). Otherwise just continue,
and I'll forget about whatever was undefined.

./Aufgabe2.tex:19: Undefined control sequence.
l.19       $File 2$    &  $5.006 \, \si{\kilo\bit
                                               \per\second}$                ...
The control sequence at the end of the top line
of your error message was never \def'ed. If you have
misspelled it (e.g., `\hobx'), type `I' and the correct
spelling (e.g., `I\hbox'). Otherwise just continue,
and I'll forget about whatever was undefined.

./Aufgabe2.tex:19: Undefined control sequence.
l.19 ...  $File 2$    &  $5.006 \, \si{\kilo\bit\per
                                                  \second}$                 ...
The control sequence at the end of the top line
of your error message was never \def'ed. If you have
misspelled it (e.g., `\hobx'), type `I' and the correct
spelling (e.g., `I\hbox'). Otherwise just continue,
and I'll forget about whatever was undefined.

./Aufgabe2.tex:19: Undefined control sequence.
l.19 ... 2$    &  $5.006 \, \si{\kilo\bit\per\second
                                                  }$                        ...
The control sequence at the end of the top line
of your error message was never \def'ed. If you have
misspelled it (e.g., `\hobx'), type `I' and the correct
spelling (e.g., `I\hbox'). Otherwise just continue,
and I'll forget about whatever was undefined.

./Aufgabe2.tex:19: Undefined control sequence.
l.19 ...                  &            $2.424 \, \si
                                                  {\kilo\hertz}$
The control sequence at the end of the top line
of your error message was never \def'ed. If you have
misspelled it (e.g., `\hobx'), type `I' and the correct
spelling (e.g., `I\hbox'). Otherwise just continue,
and I'll forget about whatever was undefined.

./Aufgabe2.tex:19: Undefined control sequence.
l.19 ...            &            $2.424 \, \si{\kilo
                                                  \hertz}$
The control sequence at the end of the top line
of your error message was never \def'ed. If you have
misspelled it (e.g., `\hobx'), type `I' and the correct
spelling (e.g., `I\hbox'). Otherwise just continue,
and I'll forget about whatever was undefined.

./Aufgabe2.tex:19: Undefined control sequence.
l.19 ...      &            $2.424 \, \si{\kilo\hertz
                                                  }$
The control sequence at the end of the top line
of your error message was never \def'ed. If you have
misspelled it (e.g., `\hobx'), type `I' and the correct
spelling (e.g., `I\hbox'). Otherwise just continue,
and I'll forget about whatever was undefined.


./Aufgabe2.tex:21: LaTeX Error: \begin{frame} on input line 12 ended by \end{ta
ble}.

See the LaTeX manual or LaTeX Companion for explanation.
Type  H <return>  for immediate help.
 ...                                              
                                                  
l.21   \end{table}
                
Your command was ignored.
Type  I <command> <return>  to replace it with another command,
or  <return>  to continue without it.


Overfull \hbox (20.0pt too wide) in paragraph at lines 12--22
[][]
 []


Overfull \hbox (72.99043pt too wide) in paragraph at lines 12--22
[]
 []

./Aufgabe2.tex:23: Undefined control sequence.
l.23   \medgrskip
               
The control sequence at the end of the top line
of your error message was never \def'ed. If you have
misspelled it (e.g., `\hobx'), type `I' and the correct
spelling (e.g., `I\hbox'). Otherwise just continue,
and I'll forget about whatever was undefined.


Overfull \hbox (20.0pt too wide) in paragraph at lines 25--26
[]Inetwa
 []


Overfull \hbox (84.90262pt too wide) detected at line 26
\OML/cmm/m/it/10 B \OMS/cmsy/m/n/10  []  \OML/cmm/m/it/10 BR \OT1/cmr/m/n/10 
= [] \OMS/cmsy/m/n/10  []
 []

./Aufgabe2.tex:28: Undefined control sequence.
l.28   \to \, Bandbreite bei $1 \, \si
                                    {\kilo\bit\per\second}$:
The control sequence at the end of the top line
of your error message was never \def'ed. If you have
misspelled it (e.g., `\hobx'), type `I' and the correct
spelling (e.g., `I\hbox'). Otherwise just continue,
and I'll forget about whatever was undefined.

./Aufgabe2.tex:28: Undefined control sequence.
l.28   \to \, Bandbreite bei $1 \, \si{\kilo
                                          \bit\per\second}$:
The control sequence at the end of the top line
of your error message was never \def'ed. If you have
misspelled it (e.g., `\hobx'), type `I' and the correct
spelling (e.g., `I\hbox'). Otherwise just continue,
and I'll forget about whatever was undefined.

./Aufgabe2.tex:28: Undefined control sequence.
l.28   \to \, Bandbreite bei $1 \, \si{\kilo\bit
                                              \per\second}$:
The control sequence at the end of the top line
of your error message was never \def'ed. If you have
misspelled it (e.g., `\hobx'), type `I' and the correct
spelling (e.g., `I\hbox'). Otherwise just continue,
and I'll forget about whatever was undefined.

./Aufgabe2.tex:28: Undefined control sequence.
l.28   \to \, Bandbreite bei $1 \, \si{\kilo\bit\per
                                                  \second}$:
The control sequence at the end of the top line
of your error message was never \def'ed. If you have
misspelled it (e.g., `\hobx'), type `I' and the correct
spelling (e.g., `I\hbox'). Otherwise just continue,
and I'll forget about whatever was undefined.

./Aufgabe2.tex:28: Undefined control sequence.
l.28 ...andbreite bei $1 \, \si{\kilo\bit\per\second
                                                  }$:
The control sequence at the end of the top line
of your error message was never \def'ed. If you have
misspelled it (e.g., `\hobx'), type `I' and the correct
spelling (e.g., `I\hbox'). Otherwise just continue,
and I'll forget about whatever was undefined.


Overfull \hbox (30.00002pt too wide) in paragraph at lines 28--29
[]\OMS/cmsy/m/n/10 !
 []


Overfull \hbox (6.66664pt too wide) in paragraph at lines 28--29
\OT1/cmr/m/n/10 1 []$\nullfont : 
 []

./Aufgabe2.tex:29: Undefined control sequence.
l.29   \[B \approx \frac{1}{2} \cdot 1000 \, \si
                                              {\kilo\bit\per\second} = 500 \...
The control sequence at the end of the top line
of your error message was never \def'ed. If you have
misspelled it (e.g., `\hobx'), type `I' and the correct
spelling (e.g., `I\hbox'). Otherwise just continue,
and I'll forget about whatever was undefined.

./Aufgabe2.tex:29: Undefined control sequence.
l.29 ... \approx \frac{1}{2} \cdot 1000 \, \si{\kilo
                                                  \bit\per\second} = 500 \, ...
The control sequence at the end of the top line
of your error message was never \def'ed. If you have
misspelled it (e.g., `\hobx'), type `I' and the correct
spelling (e.g., `I\hbox'). Otherwise just continue,
and I'll forget about whatever was undefined.

./Aufgabe2.tex:29: Undefined control sequence.
l.29 ...prox \frac{1}{2} \cdot 1000 \, \si{\kilo\bit
                                                  \per\second} = 500 \, \si{...
The control sequence at the end of the top line
of your error message was never \def'ed. If you have
misspelled it (e.g., `\hobx'), type `I' and the correct
spelling (e.g., `I\hbox'). Otherwise just continue,
and I'll forget about whatever was undefined.

./Aufgabe2.tex:29: Undefined control sequence.
l.29 ... \frac{1}{2} \cdot 1000 \, \si{\kilo\bit\per
                                                  \second} = 500 \, \si{\her...
The control sequence at the end of the top line
of your error message was never \def'ed. If you have
misspelled it (e.g., `\hobx'), type `I' and the correct
spelling (e.g., `I\hbox'). Otherwise just continue,
and I'll forget about whatever was undefined.

./Aufgabe2.tex:29: Undefined control sequence.
l.29 ...1}{2} \cdot 1000 \, \si{\kilo\bit\per\second
                                                  } = 500 \, \si{\hertz}\]
The control sequence at the end of the top line
of your error message was never \def'ed. If you have
misspelled it (e.g., `\hobx'), type `I' and the correct
spelling (e.g., `I\hbox'). Otherwise just continue,
and I'll forget about whatever was undefined.

./Aufgabe2.tex:29: Undefined control sequence.
l.29 ...00 \, \si{\kilo\bit\per\second} = 500 \, \si
                                                  {\hertz}\]
The control sequence at the end of the top line
of your error message was never \def'ed. If you have
misspelled it (e.g., `\hobx'), type `I' and the correct
spelling (e.g., `I\hbox'). Otherwise just continue,
and I'll forget about whatever was undefined.

./Aufgabe2.tex:29: Undefined control sequence.
l.29 ...si{\kilo\bit\per\second} = 500 \, \si{\hertz
                                                  }\]
The control sequence at the end of the top line
of your error message was never \def'ed. If you have
misspelled it (e.g., `\hobx'), type `I' and the correct
spelling (e.g., `I\hbox'). Otherwise just continue,
and I'll forget about whatever was undefined.


Overfull \hbox (83.2644pt too wide) detected at line 29
\OML/cmm/m/it/10 B \OMS/cmsy/m/n/10  []  \OT1/cmr/m/n/10 1000 [] = 500 []
 []

)
! Emergency stop.
<*> Aufgabe2.tex
             
*** (job aborted, no legal \end found)



Here is how much of LuaTeX's memory you used:
 27 strings out of 493864
 100000,106986 words of node,token memory allocated 5479 words of node memory still in use:
   86 hlist, 8 vlist, 20 rule, 7 local_par, 1 dir, 23 math, 163 glue, 23 kern, 2
1 penalty, 339 glyph, 78 attribute, 35 glue_spec, 78 attribute_list nodes
   avail lists: 2:3,3:16,4:3,5:2,6:1,8:19,10:2
 4801 multiletter control sequences out of 65536+600000
 24 fonts using 1213655 bytes
 18i,8n,16p,158b,111s stack positions out of 5000i,500n,10000p,200000b,100000s
!  ==> Fatal error occurred, no output PDF file produced!
